<?xml version="1.0" encoding="UTF-8"?>
<testsuite xmlns:xsi="http://www.w3.org/2001/XMLSchema-instance" xsi:noNamespaceSchemaLocation="https://maven.apache.org/surefire/maven-surefire-plugin/xsd/surefire-test-report-3.0.xsd" version="3.0" name="TestBack.GetPostTest" time="7.833" tests="5" errors="0" skipped="0" failures="0">
  <properties>
    <property name="sun.desktop" value="gnome"/>
    <property name="awt.toolkit" value="sun.awt.X11.XToolkit"/>
    <property name="java.specification.version" value="11"/>
    <property name="webdriver.chrome.driver" value="./src/test/resources/chromedriver/chromedriver.exe"/>
    <property name="sun.cpu.isalist" value=""/>
    <property name="sun.jnu.encoding" value="UTF-8"/>
    <property name="java.class.path" value="/home/fabri/Escritorio/TestingClubApp/target/test-classes:/home/fabri/Escritorio/TestingClubApp/target/classes:/home/fabri/.m2/repository/org/junit/jupiter/junit-jupiter-api/5.10.0/junit-jupiter-api-5.10.0.jar:/home/fabri/.m2/repository/org/opentest4j/opentest4j/1.3.0/opentest4j-1.3.0.jar:/home/fabri/.m2/repository/org/junit/platform/junit-platform-commons/1.10.0/junit-platform-commons-1.10.0.jar:/home/fabri/.m2/repository/org/apiguardian/apiguardian-api/1.1.2/apiguardian-api-1.1.2.jar:/home/fabri/.m2/repository/org/junit/jupiter/junit-jupiter-engine/5.10.0/junit-jupiter-engine-5.10.0.jar:/home/fabri/.m2/repository/org/junit/platform/junit-platform-engine/1.10.0/junit-platform-engine-1.10.0.jar:/home/fabri/.m2/repository/org/seleniumhq/selenium/selenium-java/4.11.0/selenium-java-4.11.0.jar:/home/fabri/.m2/repository/org/seleniumhq/selenium/selenium-api/4.11.0/selenium-api-4.11.0.jar:/home/fabri/.m2/repository/org/seleniumhq/selenium/selenium-chrome-driver/4.11.0/selenium-chrome-driver-4.11.0.jar:/home/fabri/.m2/repository/com/google/auto/service/auto-service-annotations/1.0.1/auto-service-annotations-1.0.1.jar:/home/fabri/.m2/repository/com/google/guava/guava/31.1-jre/guava-31.1-jre.jar:/home/fabri/.m2/repository/com/google/guava/failureaccess/1.0.1/failureaccess-1.0.1.jar:/home/fabri/.m2/repository/com/google/guava/listenablefuture/9999.0-empty-to-avoid-conflict-with-guava/listenablefuture-9999.0-empty-to-avoid-conflict-with-guava.jar:/home/fabri/.m2/repository/com/google/code/findbugs/jsr305/3.0.2/jsr305-3.0.2.jar:/home/fabri/.m2/repository/org/checkerframework/checker-qual/3.12.0/checker-qual-3.12.0.jar:/home/fabri/.m2/repository/com/google/errorprone/error_prone_annotations/2.11.0/error_prone_annotations-2.11.0.jar:/home/fabri/.m2/repository/com/google/j2objc/j2objc-annotations/1.3/j2objc-annotations-1.3.jar:/home/fabri/.m2/repository/org/seleniumhq/selenium/selenium-chromium-driver/4.11.0/selenium-chromium-driver-4.11.0.jar:/home/fabri/.m2/repository/org/seleniumhq/selenium/selenium-json/4.11.0/selenium-json-4.11.0.jar:/home/fabri/.m2/repository/org/seleniumhq/selenium/selenium-manager/4.11.0/selenium-manager-4.11.0.jar:/home/fabri/.m2/repository/org/seleniumhq/selenium/selenium-devtools-v113/4.11.0/selenium-devtools-v113-4.11.0.jar:/home/fabri/.m2/repository/org/seleniumhq/selenium/selenium-devtools-v114/4.11.0/selenium-devtools-v114-4.11.0.jar:/home/fabri/.m2/repository/org/seleniumhq/selenium/selenium-devtools-v115/4.11.0/selenium-devtools-v115-4.11.0.jar:/home/fabri/.m2/repository/org/seleniumhq/selenium/selenium-devtools-v85/4.11.0/selenium-devtools-v85-4.11.0.jar:/home/fabri/.m2/repository/org/seleniumhq/selenium/selenium-edge-driver/4.11.0/selenium-edge-driver-4.11.0.jar:/home/fabri/.m2/repository/org/seleniumhq/selenium/selenium-firefox-driver/4.11.0/selenium-firefox-driver-4.11.0.jar:/home/fabri/.m2/repository/org/seleniumhq/selenium/selenium-http/4.11.0/selenium-http-4.11.0.jar:/home/fabri/.m2/repository/dev/failsafe/failsafe/3.3.1/failsafe-3.3.1.jar:/home/fabri/.m2/repository/org/seleniumhq/selenium/selenium-ie-driver/4.11.0/selenium-ie-driver-4.11.0.jar:/home/fabri/.m2/repository/org/seleniumhq/selenium/selenium-remote-driver/4.11.0/selenium-remote-driver-4.11.0.jar:/home/fabri/.m2/repository/io/netty/netty-buffer/4.1.92.Final/netty-buffer-4.1.92.Final.jar:/home/fabri/.m2/repository/io/netty/netty-codec-http/4.1.92.Final/netty-codec-http-4.1.92.Final.jar:/home/fabri/.m2/repository/io/netty/netty-codec/4.1.92.Final/netty-codec-4.1.92.Final.jar:/home/fabri/.m2/repository/io/netty/netty-handler/4.1.92.Final/netty-handler-4.1.92.Final.jar:/home/fabri/.m2/repository/io/netty/netty-common/4.1.92.Final/netty-common-4.1.92.Final.jar:/home/fabri/.m2/repository/io/netty/netty-transport-classes-epoll/4.1.92.Final/netty-transport-classes-epoll-4.1.92.Final.jar:/home/fabri/.m2/repository/io/netty/netty-transport-classes-kqueue/4.1.92.Final/netty-transport-classes-kqueue-4.1.92.Final.jar:/home/fabri/.m2/repository/io/netty/netty-transport-native-epoll/4.1.92.Final/netty-transport-native-epoll-4.1.92.Final.jar:/home/fabri/.m2/repository/io/netty/netty-transport-native-kqueue/4.1.92.Final/netty-transport-native-kqueue-4.1.92.Final.jar:/home/fabri/.m2/repository/io/netty/netty-transport-native-unix-common/4.1.92.Final/netty-transport-native-unix-common-4.1.92.Final.jar:/home/fabri/.m2/repository/io/netty/netty-transport/4.1.92.Final/netty-transport-4.1.92.Final.jar:/home/fabri/.m2/repository/io/netty/netty-resolver/4.1.92.Final/netty-resolver-4.1.92.Final.jar:/home/fabri/.m2/repository/io/opentelemetry/opentelemetry-api/1.26.0/opentelemetry-api-1.26.0.jar:/home/fabri/.m2/repository/io/opentelemetry/opentelemetry-context/1.26.0/opentelemetry-context-1.26.0.jar:/home/fabri/.m2/repository/io/opentelemetry/opentelemetry-exporter-logging/1.26.0/opentelemetry-exporter-logging-1.26.0.jar:/home/fabri/.m2/repository/io/opentelemetry/opentelemetry-sdk-metrics/1.26.0/opentelemetry-sdk-metrics-1.26.0.jar:/home/fabri/.m2/repository/io/opentelemetry/opentelemetry-extension-incubator/1.26.0-alpha/opentelemetry-extension-incubator-1.26.0-alpha.jar:/home/fabri/.m2/repository/io/opentelemetry/opentelemetry-sdk-logs/1.26.0-alpha/opentelemetry-sdk-logs-1.26.0-alpha.jar:/home/fabri/.m2/repository/io/opentelemetry/opentelemetry-api-logs/1.26.0-alpha/opentelemetry-api-logs-1.26.0-alpha.jar:/home/fabri/.m2/repository/io/opentelemetry/opentelemetry-api-events/1.26.0-alpha/opentelemetry-api-events-1.26.0-alpha.jar:/home/fabri/.m2/repository/io/opentelemetry/opentelemetry-sdk-common/1.26.0/opentelemetry-sdk-common-1.26.0.jar:/home/fabri/.m2/repository/io/opentelemetry/opentelemetry-sdk-extension-autoconfigure-spi/1.26.0/opentelemetry-sdk-extension-autoconfigure-spi-1.26.0.jar:/home/fabri/.m2/repository/io/opentelemetry/opentelemetry-sdk-extension-autoconfigure/1.26.0-alpha/opentelemetry-sdk-extension-autoconfigure-1.26.0-alpha.jar:/home/fabri/.m2/repository/io/opentelemetry/opentelemetry-sdk-trace/1.26.0/opentelemetry-sdk-trace-1.26.0.jar:/home/fabri/.m2/repository/io/opentelemetry/opentelemetry-sdk/1.26.0/opentelemetry-sdk-1.26.0.jar:/home/fabri/.m2/repository/io/opentelemetry/opentelemetry-semconv/1.26.0-alpha/opentelemetry-semconv-1.26.0-alpha.jar:/home/fabri/.m2/repository/net/bytebuddy/byte-buddy/1.14.4/byte-buddy-1.14.4.jar:/home/fabri/.m2/repository/org/apache/commons/commons-exec/1.3/commons-exec-1.3.jar:/home/fabri/.m2/repository/org/asynchttpclient/async-http-client/2.12.3/async-http-client-2.12.3.jar:/home/fabri/.m2/repository/org/asynchttpclient/async-http-client-netty-utils/2.12.3/async-http-client-netty-utils-2.12.3.jar:/home/fabri/.m2/repository/io/netty/netty-codec-socks/4.1.60.Final/netty-codec-socks-4.1.60.Final.jar:/home/fabri/.m2/repository/io/netty/netty-handler-proxy/4.1.60.Final/netty-handler-proxy-4.1.60.Final.jar:/home/fabri/.m2/repository/io/netty/netty-transport-native-epoll/4.1.60.Final/netty-transport-native-epoll-4.1.60.Final-linux-x86_64.jar:/home/fabri/.m2/repository/io/netty/netty-transport-native-kqueue/4.1.60.Final/netty-transport-native-kqueue-4.1.60.Final-osx-x86_64.jar:/home/fabri/.m2/repository/com/typesafe/netty/netty-reactive-streams/2.0.4/netty-reactive-streams-2.0.4.jar:/home/fabri/.m2/repository/com/sun/activation/jakarta.activation/1.2.2/jakarta.activation-1.2.2.jar:/home/fabri/.m2/repository/org/seleniumhq/selenium/selenium-safari-driver/4.11.0/selenium-safari-driver-4.11.0.jar:/home/fabri/.m2/repository/org/seleniumhq/selenium/selenium-support/4.11.0/selenium-support-4.11.0.jar:/home/fabri/.m2/repository/com/aventstack/extentreports/5.0.9/extentreports-5.0.9.jar:/home/fabri/.m2/repository/io/reactivex/rxjava3/rxjava/3.0.4/rxjava-3.0.4.jar:/home/fabri/.m2/repository/org/reactivestreams/reactive-streams/1.0.3/reactive-streams-1.0.3.jar:/home/fabri/.m2/repository/org/freemarker/freemarker/2.3.30/freemarker-2.3.30.jar:/home/fabri/.m2/repository/org/projectlombok/lombok/1.18.12/lombok-1.18.12.jar:/home/fabri/.m2/repository/com/google/code/gson/gson/2.8.6/gson-2.8.6.jar:/home/fabri/.m2/repository/io/rest-assured/rest-assured/5.3.0/rest-assured-5.3.0.jar:/home/fabri/.m2/repository/org/apache/groovy/groovy/4.0.6/groovy-4.0.6.jar:/home/fabri/.m2/repository/org/apache/groovy/groovy-xml/4.0.6/groovy-xml-4.0.6.jar:/home/fabri/.m2/repository/org/apache/httpcomponents/httpclient/4.5.13/httpclient-4.5.13.jar:/home/fabri/.m2/repository/org/apache/httpcomponents/httpcore/4.4.13/httpcore-4.4.13.jar:/home/fabri/.m2/repository/commons-logging/commons-logging/1.2/commons-logging-1.2.jar:/home/fabri/.m2/repository/commons-codec/commons-codec/1.11/commons-codec-1.11.jar:/home/fabri/.m2/repository/org/apache/httpcomponents/httpmime/4.5.13/httpmime-4.5.13.jar:/home/fabri/.m2/repository/org/hamcrest/hamcrest/2.1/hamcrest-2.1.jar:/home/fabri/.m2/repository/org/ccil/cowan/tagsoup/tagsoup/1.2.1/tagsoup-1.2.1.jar:/home/fabri/.m2/repository/io/rest-assured/json-path/5.3.0/json-path-5.3.0.jar:/home/fabri/.m2/repository/org/apache/groovy/groovy-json/4.0.6/groovy-json-4.0.6.jar:/home/fabri/.m2/repository/io/rest-assured/rest-assured-common/5.3.0/rest-assured-common-5.3.0.jar:/home/fabri/.m2/repository/io/rest-assured/xml-path/5.3.0/xml-path-5.3.0.jar:/home/fabri/.m2/repository/org/apache/commons/commons-lang3/3.11/commons-lang3-3.11.jar:/home/fabri/.m2/repository/org/apache/maven/plugins/maven-surefire-plugin/3.1.2/maven-surefire-plugin-3.1.2.jar:/home/fabri/.m2/repository/org/apache/maven/surefire/maven-surefire-common/3.1.2/maven-surefire-common-3.1.2.jar:/home/fabri/.m2/repository/org/apache/maven/surefire/surefire-api/3.1.2/surefire-api-3.1.2.jar:/home/fabri/.m2/repository/org/apache/maven/surefire/surefire-logger-api/3.1.2/surefire-logger-api-3.1.2.jar:/home/fabri/.m2/repository/org/apache/maven/surefire/surefire-extensions-api/3.1.2/surefire-extensions-api-3.1.2.jar:/home/fabri/.m2/repository/org/apache/maven/surefire/surefire-booter/3.1.2/surefire-booter-3.1.2.jar:/home/fabri/.m2/repository/org/apache/maven/surefire/surefire-extensions-spi/3.1.2/surefire-extensions-spi-3.1.2.jar:/home/fabri/.m2/repository/org/eclipse/aether/aether-util/1.0.0.v20140518/aether-util-1.0.0.v20140518.jar:/home/fabri/.m2/repository/org/eclipse/aether/aether-api/1.0.0.v20140518/aether-api-1.0.0.v20140518.jar:/home/fabri/.m2/repository/org/apache/maven/shared/maven-common-artifact-filters/3.1.1/maven-common-artifact-filters-3.1.1.jar:/home/fabri/.m2/repository/org/apache/maven/maven-artifact/3.1.0/maven-artifact-3.1.0.jar:/home/fabri/.m2/repository/org/codehaus/plexus/plexus-utils/3.0.10/plexus-utils-3.0.10.jar:/home/fabri/.m2/repository/org/apache/maven/maven-core/3.1.0/maven-core-3.1.0.jar:/home/fabri/.m2/repository/org/apache/maven/maven-settings/3.1.0/maven-settings-3.1.0.jar:/home/fabri/.m2/repository/org/apache/maven/maven-settings-builder/3.1.0/maven-settings-builder-3.1.0.jar:/home/fabri/.m2/repository/org/apache/maven/maven-repository-metadata/3.1.0/maven-repository-metadata-3.1.0.jar:/home/fabri/.m2/repository/org/apache/maven/maven-model-builder/3.1.0/maven-model-builder-3.1.0.jar:/home/fabri/.m2/repository/org/apache/maven/maven-aether-provider/3.1.0/maven-aether-provider-3.1.0.jar:/home/fabri/.m2/repository/org/eclipse/aether/aether-spi/0.9.0.M2/aether-spi-0.9.0.M2.jar:/home/fabri/.m2/repository/org/eclipse/aether/aether-impl/0.9.0.M2/aether-impl-0.9.0.M2.jar:/home/fabri/.m2/repository/org/eclipse/sisu/org.eclipse.sisu.plexus/0.0.0.M2a/org.eclipse.sisu.plexus-0.0.0.M2a.jar:/home/fabri/.m2/repository/javax/enterprise/cdi-api/1.0/cdi-api-1.0.jar:/home/fabri/.m2/repository/javax/annotation/jsr250-api/1.0/jsr250-api-1.0.jar:/home/fabri/.m2/repository/javax/inject/javax.inject/1/javax.inject-1.jar:/home/fabri/.m2/repository/org/sonatype/sisu/sisu-guice/3.1.0/sisu-guice-3.1.0-no_aop.jar:/home/fabri/.m2/repository/aopalliance/aopalliance/1.0/aopalliance-1.0.jar:/home/fabri/.m2/repository/org/eclipse/sisu/org.eclipse.sisu.inject/0.0.0.M2a/org.eclipse.sisu.inject-0.0.0.M2a.jar:/home/fabri/.m2/repository/asm/asm/3.3.1/asm-3.3.1.jar:/home/fabri/.m2/repository/org/codehaus/plexus/plexus-interpolation/1.16/plexus-interpolation-1.16.jar:/home/fabri/.m2/repository/org/codehaus/plexus/plexus-classworlds/2.4.2/plexus-classworlds-2.4.2.jar:/home/fabri/.m2/repository/org/codehaus/plexus/plexus-component-annotations/1.5.5/plexus-component-annotations-1.5.5.jar:/home/fabri/.m2/repository/org/sonatype/plexus/plexus-sec-dispatcher/1.3/plexus-sec-dispatcher-1.3.jar:/home/fabri/.m2/repository/org/sonatype/plexus/plexus-cipher/1.4/plexus-cipher-1.4.jar:/home/fabri/.m2/repository/org/apache/maven/maven-plugin-api/3.1.0/maven-plugin-api-3.1.0.jar:/home/fabri/.m2/repository/commons-io/commons-io/2.6/commons-io-2.6.jar:/home/fabri/.m2/repository/org/codehaus/plexus/plexus-java/1.1.2/plexus-java-1.1.2.jar:/home/fabri/.m2/repository/org/ow2/asm/asm/9.4/asm-9.4.jar:/home/fabri/.m2/repository/com/thoughtworks/qdox/qdox/2.0.3/qdox-2.0.3.jar:/home/fabri/.m2/repository/org/apache/maven/surefire/surefire-shared-utils/3.1.2/surefire-shared-utils-3.1.2.jar:/home/fabri/.m2/repository/org/testng/testng/7.8.0/testng-7.8.0.jar:/home/fabri/.m2/repository/org/slf4j/slf4j-api/1.7.36/slf4j-api-1.7.36.jar:/home/fabri/.m2/repository/com/beust/jcommander/1.82/jcommander-1.82.jar:/home/fabri/.m2/repository/org/webjars/jquery/3.6.1/jquery-3.6.1.jar:"/>
    <property name="java.vm.vendor" value="Ubuntu"/>
    <property name="sun.arch.data.model" value="64"/>
    <property name="java.vendor.url" value="https://ubuntu.com/"/>
    <property name="user.timezone" value="America/Argentina/Buenos_Aires"/>
    <property name="java.vm.specification.version" value="11"/>
    <property name="os.name" value="Linux"/>
    <property name="sun.java.launcher" value="SUN_STANDARD"/>
    <property name="user.country" value="AR"/>
    <property name="sun.boot.library.path" value="/usr/lib/jvm/java-11-openjdk-amd64/lib"/>
    <property name="sun.java.command" value="/home/fabri/Escritorio/TestingClubApp/target/surefire/surefirebooter-20240309184932382_3.jar /home/fabri/Escritorio/TestingClubApp/target/surefire 2024-03-09T18-49-30_758-jvmRun1 surefire-20240309184932382_1tmp surefire_0-20240309184932382_2tmp"/>
    <property name="jdk.debug" value="release"/>
    <property name="surefire.test.class.path" value="/home/fabri/Escritorio/TestingClubApp/target/test-classes:/home/fabri/Escritorio/TestingClubApp/target/classes:/home/fabri/.m2/repository/org/junit/jupiter/junit-jupiter-api/5.10.0/junit-jupiter-api-5.10.0.jar:/home/fabri/.m2/repository/org/opentest4j/opentest4j/1.3.0/opentest4j-1.3.0.jar:/home/fabri/.m2/repository/org/junit/platform/junit-platform-commons/1.10.0/junit-platform-commons-1.10.0.jar:/home/fabri/.m2/repository/org/apiguardian/apiguardian-api/1.1.2/apiguardian-api-1.1.2.jar:/home/fabri/.m2/repository/org/junit/jupiter/junit-jupiter-engine/5.10.0/junit-jupiter-engine-5.10.0.jar:/home/fabri/.m2/repository/org/junit/platform/junit-platform-engine/1.10.0/junit-platform-engine-1.10.0.jar:/home/fabri/.m2/repository/org/seleniumhq/selenium/selenium-java/4.11.0/selenium-java-4.11.0.jar:/home/fabri/.m2/repository/org/seleniumhq/selenium/selenium-api/4.11.0/selenium-api-4.11.0.jar:/home/fabri/.m2/repository/org/seleniumhq/selenium/selenium-chrome-driver/4.11.0/selenium-chrome-driver-4.11.0.jar:/home/fabri/.m2/repository/com/google/auto/service/auto-service-annotations/1.0.1/auto-service-annotations-1.0.1.jar:/home/fabri/.m2/repository/com/google/guava/guava/31.1-jre/guava-31.1-jre.jar:/home/fabri/.m2/repository/com/google/guava/failureaccess/1.0.1/failureaccess-1.0.1.jar:/home/fabri/.m2/repository/com/google/guava/listenablefuture/9999.0-empty-to-avoid-conflict-with-guava/listenablefuture-9999.0-empty-to-avoid-conflict-with-guava.jar:/home/fabri/.m2/repository/com/google/code/findbugs/jsr305/3.0.2/jsr305-3.0.2.jar:/home/fabri/.m2/repository/org/checkerframework/checker-qual/3.12.0/checker-qual-3.12.0.jar:/home/fabri/.m2/repository/com/google/errorprone/error_prone_annotations/2.11.0/error_prone_annotations-2.11.0.jar:/home/fabri/.m2/repository/com/google/j2objc/j2objc-annotations/1.3/j2objc-annotations-1.3.jar:/home/fabri/.m2/repository/org/seleniumhq/selenium/selenium-chromium-driver/4.11.0/selenium-chromium-driver-4.11.0.jar:/home/fabri/.m2/repository/org/seleniumhq/selenium/selenium-json/4.11.0/selenium-json-4.11.0.jar:/home/fabri/.m2/repository/org/seleniumhq/selenium/selenium-manager/4.11.0/selenium-manager-4.11.0.jar:/home/fabri/.m2/repository/org/seleniumhq/selenium/selenium-devtools-v113/4.11.0/selenium-devtools-v113-4.11.0.jar:/home/fabri/.m2/repository/org/seleniumhq/selenium/selenium-devtools-v114/4.11.0/selenium-devtools-v114-4.11.0.jar:/home/fabri/.m2/repository/org/seleniumhq/selenium/selenium-devtools-v115/4.11.0/selenium-devtools-v115-4.11.0.jar:/home/fabri/.m2/repository/org/seleniumhq/selenium/selenium-devtools-v85/4.11.0/selenium-devtools-v85-4.11.0.jar:/home/fabri/.m2/repository/org/seleniumhq/selenium/selenium-edge-driver/4.11.0/selenium-edge-driver-4.11.0.jar:/home/fabri/.m2/repository/org/seleniumhq/selenium/selenium-firefox-driver/4.11.0/selenium-firefox-driver-4.11.0.jar:/home/fabri/.m2/repository/org/seleniumhq/selenium/selenium-http/4.11.0/selenium-http-4.11.0.jar:/home/fabri/.m2/repository/dev/failsafe/failsafe/3.3.1/failsafe-3.3.1.jar:/home/fabri/.m2/repository/org/seleniumhq/selenium/selenium-ie-driver/4.11.0/selenium-ie-driver-4.11.0.jar:/home/fabri/.m2/repository/org/seleniumhq/selenium/selenium-remote-driver/4.11.0/selenium-remote-driver-4.11.0.jar:/home/fabri/.m2/repository/io/netty/netty-buffer/4.1.92.Final/netty-buffer-4.1.92.Final.jar:/home/fabri/.m2/repository/io/netty/netty-codec-http/4.1.92.Final/netty-codec-http-4.1.92.Final.jar:/home/fabri/.m2/repository/io/netty/netty-codec/4.1.92.Final/netty-codec-4.1.92.Final.jar:/home/fabri/.m2/repository/io/netty/netty-handler/4.1.92.Final/netty-handler-4.1.92.Final.jar:/home/fabri/.m2/repository/io/netty/netty-common/4.1.92.Final/netty-common-4.1.92.Final.jar:/home/fabri/.m2/repository/io/netty/netty-transport-classes-epoll/4.1.92.Final/netty-transport-classes-epoll-4.1.92.Final.jar:/home/fabri/.m2/repository/io/netty/netty-transport-classes-kqueue/4.1.92.Final/netty-transport-classes-kqueue-4.1.92.Final.jar:/home/fabri/.m2/repository/io/netty/netty-transport-native-epoll/4.1.92.Final/netty-transport-native-epoll-4.1.92.Final.jar:/home/fabri/.m2/repository/io/netty/netty-transport-native-kqueue/4.1.92.Final/netty-transport-native-kqueue-4.1.92.Final.jar:/home/fabri/.m2/repository/io/netty/netty-transport-native-unix-common/4.1.92.Final/netty-transport-native-unix-common-4.1.92.Final.jar:/home/fabri/.m2/repository/io/netty/netty-transport/4.1.92.Final/netty-transport-4.1.92.Final.jar:/home/fabri/.m2/repository/io/netty/netty-resolver/4.1.92.Final/netty-resolver-4.1.92.Final.jar:/home/fabri/.m2/repository/io/opentelemetry/opentelemetry-api/1.26.0/opentelemetry-api-1.26.0.jar:/home/fabri/.m2/repository/io/opentelemetry/opentelemetry-context/1.26.0/opentelemetry-context-1.26.0.jar:/home/fabri/.m2/repository/io/opentelemetry/opentelemetry-exporter-logging/1.26.0/opentelemetry-exporter-logging-1.26.0.jar:/home/fabri/.m2/repository/io/opentelemetry/opentelemetry-sdk-metrics/1.26.0/opentelemetry-sdk-metrics-1.26.0.jar:/home/fabri/.m2/repository/io/opentelemetry/opentelemetry-extension-incubator/1.26.0-alpha/opentelemetry-extension-incubator-1.26.0-alpha.jar:/home/fabri/.m2/repository/io/opentelemetry/opentelemetry-sdk-logs/1.26.0-alpha/opentelemetry-sdk-logs-1.26.0-alpha.jar:/home/fabri/.m2/repository/io/opentelemetry/opentelemetry-api-logs/1.26.0-alpha/opentelemetry-api-logs-1.26.0-alpha.jar:/home/fabri/.m2/repository/io/opentelemetry/opentelemetry-api-events/1.26.0-alpha/opentelemetry-api-events-1.26.0-alpha.jar:/home/fabri/.m2/repository/io/opentelemetry/opentelemetry-sdk-common/1.26.0/opentelemetry-sdk-common-1.26.0.jar:/home/fabri/.m2/repository/io/opentelemetry/opentelemetry-sdk-extension-autoconfigure-spi/1.26.0/opentelemetry-sdk-extension-autoconfigure-spi-1.26.0.jar:/home/fabri/.m2/repository/io/opentelemetry/opentelemetry-sdk-extension-autoconfigure/1.26.0-alpha/opentelemetry-sdk-extension-autoconfigure-1.26.0-alpha.jar:/home/fabri/.m2/repository/io/opentelemetry/opentelemetry-sdk-trace/1.26.0/opentelemetry-sdk-trace-1.26.0.jar:/home/fabri/.m2/repository/io/opentelemetry/opentelemetry-sdk/1.26.0/opentelemetry-sdk-1.26.0.jar:/home/fabri/.m2/repository/io/opentelemetry/opentelemetry-semconv/1.26.0-alpha/opentelemetry-semconv-1.26.0-alpha.jar:/home/fabri/.m2/repository/net/bytebuddy/byte-buddy/1.14.4/byte-buddy-1.14.4.jar:/home/fabri/.m2/repository/org/apache/commons/commons-exec/1.3/commons-exec-1.3.jar:/home/fabri/.m2/repository/org/asynchttpclient/async-http-client/2.12.3/async-http-client-2.12.3.jar:/home/fabri/.m2/repository/org/asynchttpclient/async-http-client-netty-utils/2.12.3/async-http-client-netty-utils-2.12.3.jar:/home/fabri/.m2/repository/io/netty/netty-codec-socks/4.1.60.Final/netty-codec-socks-4.1.60.Final.jar:/home/fabri/.m2/repository/io/netty/netty-handler-proxy/4.1.60.Final/netty-handler-proxy-4.1.60.Final.jar:/home/fabri/.m2/repository/io/netty/netty-transport-native-epoll/4.1.60.Final/netty-transport-native-epoll-4.1.60.Final-linux-x86_64.jar:/home/fabri/.m2/repository/io/netty/netty-transport-native-kqueue/4.1.60.Final/netty-transport-native-kqueue-4.1.60.Final-osx-x86_64.jar:/home/fabri/.m2/repository/com/typesafe/netty/netty-reactive-streams/2.0.4/netty-reactive-streams-2.0.4.jar:/home/fabri/.m2/repository/com/sun/activation/jakarta.activation/1.2.2/jakarta.activation-1.2.2.jar:/home/fabri/.m2/repository/org/seleniumhq/selenium/selenium-safari-driver/4.11.0/selenium-safari-driver-4.11.0.jar:/home/fabri/.m2/repository/org/seleniumhq/selenium/selenium-support/4.11.0/selenium-support-4.11.0.jar:/home/fabri/.m2/repository/com/aventstack/extentreports/5.0.9/extentreports-5.0.9.jar:/home/fabri/.m2/repository/io/reactivex/rxjava3/rxjava/3.0.4/rxjava-3.0.4.jar:/home/fabri/.m2/repository/org/reactivestreams/reactive-streams/1.0.3/reactive-streams-1.0.3.jar:/home/fabri/.m2/repository/org/freemarker/freemarker/2.3.30/freemarker-2.3.30.jar:/home/fabri/.m2/repository/org/projectlombok/lombok/1.18.12/lombok-1.18.12.jar:/home/fabri/.m2/repository/com/google/code/gson/gson/2.8.6/gson-2.8.6.jar:/home/fabri/.m2/repository/io/rest-assured/rest-assured/5.3.0/rest-assured-5.3.0.jar:/home/fabri/.m2/repository/org/apache/groovy/groovy/4.0.6/groovy-4.0.6.jar:/home/fabri/.m2/repository/org/apache/groovy/groovy-xml/4.0.6/groovy-xml-4.0.6.jar:/home/fabri/.m2/repository/org/apache/httpcomponents/httpclient/4.5.13/httpclient-4.5.13.jar:/home/fabri/.m2/repository/org/apache/httpcomponents/httpcore/4.4.13/httpcore-4.4.13.jar:/home/fabri/.m2/repository/commons-logging/commons-logging/1.2/commons-logging-1.2.jar:/home/fabri/.m2/repository/commons-codec/commons-codec/1.11/commons-codec-1.11.jar:/home/fabri/.m2/repository/org/apache/httpcomponents/httpmime/4.5.13/httpmime-4.5.13.jar:/home/fabri/.m2/repository/org/hamcrest/hamcrest/2.1/hamcrest-2.1.jar:/home/fabri/.m2/repository/org/ccil/cowan/tagsoup/tagsoup/1.2.1/tagsoup-1.2.1.jar:/home/fabri/.m2/repository/io/rest-assured/json-path/5.3.0/json-path-5.3.0.jar:/home/fabri/.m2/repository/org/apache/groovy/groovy-json/4.0.6/groovy-json-4.0.6.jar:/home/fabri/.m2/repository/io/rest-assured/rest-assured-common/5.3.0/rest-assured-common-5.3.0.jar:/home/fabri/.m2/repository/io/rest-assured/xml-path/5.3.0/xml-path-5.3.0.jar:/home/fabri/.m2/repository/org/apache/commons/commons-lang3/3.11/commons-lang3-3.11.jar:/home/fabri/.m2/repository/org/apache/maven/plugins/maven-surefire-plugin/3.1.2/maven-surefire-plugin-3.1.2.jar:/home/fabri/.m2/repository/org/apache/maven/surefire/maven-surefire-common/3.1.2/maven-surefire-common-3.1.2.jar:/home/fabri/.m2/repository/org/apache/maven/surefire/surefire-api/3.1.2/surefire-api-3.1.2.jar:/home/fabri/.m2/repository/org/apache/maven/surefire/surefire-logger-api/3.1.2/surefire-logger-api-3.1.2.jar:/home/fabri/.m2/repository/org/apache/maven/surefire/surefire-extensions-api/3.1.2/surefire-extensions-api-3.1.2.jar:/home/fabri/.m2/repository/org/apache/maven/surefire/surefire-booter/3.1.2/surefire-booter-3.1.2.jar:/home/fabri/.m2/repository/org/apache/maven/surefire/surefire-extensions-spi/3.1.2/surefire-extensions-spi-3.1.2.jar:/home/fabri/.m2/repository/org/eclipse/aether/aether-util/1.0.0.v20140518/aether-util-1.0.0.v20140518.jar:/home/fabri/.m2/repository/org/eclipse/aether/aether-api/1.0.0.v20140518/aether-api-1.0.0.v20140518.jar:/home/fabri/.m2/repository/org/apache/maven/shared/maven-common-artifact-filters/3.1.1/maven-common-artifact-filters-3.1.1.jar:/home/fabri/.m2/repository/org/apache/maven/maven-artifact/3.1.0/maven-artifact-3.1.0.jar:/home/fabri/.m2/repository/org/codehaus/plexus/plexus-utils/3.0.10/plexus-utils-3.0.10.jar:/home/fabri/.m2/repository/org/apache/maven/maven-core/3.1.0/maven-core-3.1.0.jar:/home/fabri/.m2/repository/org/apache/maven/maven-settings/3.1.0/maven-settings-3.1.0.jar:/home/fabri/.m2/repository/org/apache/maven/maven-settings-builder/3.1.0/maven-settings-builder-3.1.0.jar:/home/fabri/.m2/repository/org/apache/maven/maven-repository-metadata/3.1.0/maven-repository-metadata-3.1.0.jar:/home/fabri/.m2/repository/org/apache/maven/maven-model-builder/3.1.0/maven-model-builder-3.1.0.jar:/home/fabri/.m2/repository/org/apache/maven/maven-aether-provider/3.1.0/maven-aether-provider-3.1.0.jar:/home/fabri/.m2/repository/org/eclipse/aether/aether-spi/0.9.0.M2/aether-spi-0.9.0.M2.jar:/home/fabri/.m2/repository/org/eclipse/aether/aether-impl/0.9.0.M2/aether-impl-0.9.0.M2.jar:/home/fabri/.m2/repository/org/eclipse/sisu/org.eclipse.sisu.plexus/0.0.0.M2a/org.eclipse.sisu.plexus-0.0.0.M2a.jar:/home/fabri/.m2/repository/javax/enterprise/cdi-api/1.0/cdi-api-1.0.jar:/home/fabri/.m2/repository/javax/annotation/jsr250-api/1.0/jsr250-api-1.0.jar:/home/fabri/.m2/repository/javax/inject/javax.inject/1/javax.inject-1.jar:/home/fabri/.m2/repository/org/sonatype/sisu/sisu-guice/3.1.0/sisu-guice-3.1.0-no_aop.jar:/home/fabri/.m2/repository/aopalliance/aopalliance/1.0/aopalliance-1.0.jar:/home/fabri/.m2/repository/org/eclipse/sisu/org.eclipse.sisu.inject/0.0.0.M2a/org.eclipse.sisu.inject-0.0.0.M2a.jar:/home/fabri/.m2/repository/asm/asm/3.3.1/asm-3.3.1.jar:/home/fabri/.m2/repository/org/codehaus/plexus/plexus-interpolation/1.16/plexus-interpolation-1.16.jar:/home/fabri/.m2/repository/org/codehaus/plexus/plexus-classworlds/2.4.2/plexus-classworlds-2.4.2.jar:/home/fabri/.m2/repository/org/codehaus/plexus/plexus-component-annotations/1.5.5/plexus-component-annotations-1.5.5.jar:/home/fabri/.m2/repository/org/sonatype/plexus/plexus-sec-dispatcher/1.3/plexus-sec-dispatcher-1.3.jar:/home/fabri/.m2/repository/org/sonatype/plexus/plexus-cipher/1.4/plexus-cipher-1.4.jar:/home/fabri/.m2/repository/org/apache/maven/maven-plugin-api/3.1.0/maven-plugin-api-3.1.0.jar:/home/fabri/.m2/repository/commons-io/commons-io/2.6/commons-io-2.6.jar:/home/fabri/.m2/repository/org/codehaus/plexus/plexus-java/1.1.2/plexus-java-1.1.2.jar:/home/fabri/.m2/repository/org/ow2/asm/asm/9.4/asm-9.4.jar:/home/fabri/.m2/repository/com/thoughtworks/qdox/qdox/2.0.3/qdox-2.0.3.jar:/home/fabri/.m2/repository/org/apache/maven/surefire/surefire-shared-utils/3.1.2/surefire-shared-utils-3.1.2.jar:/home/fabri/.m2/repository/org/testng/testng/7.8.0/testng-7.8.0.jar:/home/fabri/.m2/repository/org/slf4j/slf4j-api/1.7.36/slf4j-api-1.7.36.jar:/home/fabri/.m2/repository/com/beust/jcommander/1.82/jcommander-1.82.jar:/home/fabri/.m2/repository/org/webjars/jquery/3.6.1/jquery-3.6.1.jar:"/>
    <property name="sun.cpu.endian" value="little"/>
    <property name="user.home" value="/home/fabri"/>
    <property name="user.language" value="es"/>
    <property name="java.specification.vendor" value="Oracle Corporation"/>
    <property name="java.version.date" value="2024-01-16"/>
    <property name="java.home" value="/usr/lib/jvm/java-11-openjdk-amd64"/>
    <property name="file.separator" value="/"/>
    <property name="basedir" value="/home/fabri/Escritorio/TestingClubApp"/>
    <property name="java.vm.compressedOopsMode" value="Zero based"/>
    <property name="line.separator" value="&#10;"/>
    <property name="java.specification.name" value="Java Platform API Specification"/>
    <property name="java.vm.specification.vendor" value="Oracle Corporation"/>
    <property name="java.awt.graphicsenv" value="sun.awt.X11GraphicsEnvironment"/>
    <property name="surefire.real.class.path" value="/home/fabri/Escritorio/TestingClubApp/target/surefire/surefirebooter-20240309184932382_3.jar"/>
    <property name="sun.management.compiler" value="HotSpot 64-Bit Tiered Compilers"/>
    <property name="java.runtime.version" value="11.0.22+7-post-Ubuntu-0ubuntu222.04.1"/>
    <property name="user.name" value="fabri"/>
    <property name="path.separator" value=":"/>
    <property name="os.version" value="6.5.0-21-generic"/>
    <property name="java.runtime.name" value="OpenJDK Runtime Environment"/>
    <property name="file.encoding" value="UTF-8"/>
    <property name="java.vm.name" value="OpenJDK 64-Bit Server VM"/>
    <property name="localRepository" value="/home/fabri/.m2/repository"/>
    <property name="java.vendor.url.bug" value="https://bugs.launchpad.net/ubuntu/+source/openjdk-lts"/>
    <property name="java.io.tmpdir" value="/tmp"/>
    <property name="idea.version" value="2023.3.4"/>
    <property name="java.version" value="11.0.22"/>
    <property name="user.dir" value="/home/fabri/Escritorio/TestingClubApp"/>
    <property name="os.arch" value="amd64"/>
    <property name="java.vm.specification.name" value="Java Virtual Machine Specification"/>
    <property name="java.awt.printerjob" value="sun.print.PSPrinterJob"/>
    <property name="sun.os.patch.level" value="unknown"/>
    <property name="java.library.path" value="/usr/java/packages/lib:/usr/lib/x86_64-linux-gnu/jni:/lib/x86_64-linux-gnu:/usr/lib/x86_64-linux-gnu:/usr/lib/jni:/lib:/usr/lib"/>
    <property name="java.vm.info" value="mixed mode, sharing"/>
    <property name="java.vendor" value="Ubuntu"/>
    <property name="java.vm.version" value="11.0.22+7-post-Ubuntu-0ubuntu222.04.1"/>
    <property name="java.specification.maintenance.version" value="2"/>
    <property name="sun.io.unicode.encoding" value="UnicodeLittle"/>
    <property name="java.class.version" value="55.0"/>
  </properties>
  <testcase name="postTransferFunds" classname="TestBack.GetPostTest" time="4.006">
    <system-out><![CDATA[HTTP/1.1 200 OK
Successfully transferred $100 from account #14676 to account #15897
]]></system-out>
  </testcase>
  <testcase name="getAccountActivity" classname="TestBack.GetPostTest" time="0.547">
    <system-out><![CDATA[<transactions>
  <transaction>
    <id>15364</id>
    <accountId>14676</accountId>
    <type>Debit</type>
    <date>2024-03-09T08:00:00.000Z</date>
    <amount>500.00</amount>
    <description>Down Payment for Loan # 14787</description>
  </transaction>
  <transaction>
    <id>19471</id>
    <accountId>14676</accountId>
    <type>Debit</type>
    <date>2024-03-09T08:00:00.000Z</date>
    <amount>100.00</amount>
    <description>Funds Transfer Sent</description>
  </transaction>
</transactions>
]]></system-out>
  </testcase>
  <testcase name="getRegisterPage" classname="TestBack.GetPostTest" time="1.114">
    <system-out><![CDATA[<html>
  <head>
    <meta charset="UTF-8"/>
    <meta http-equiv="Content-Type" content="text/html; charset=UTF-8"/>
    <title>ParaBank | Register for Free Online Account Access</title>
    <link href="/parabank/template.css;jsessionid=084920E050EFB0C32F42A1B4DCFCC411" rel="stylesheet" type="text/css"/>
    <link href="/parabank/style.css;jsessionid=084920E050EFB0C32F42A1B4DCFCC411" rel="stylesheet" type="text/css"/>
    <script src="/parabank/webjars/angularjs/1.8.3/angular.min.js;jsessionid=084920E050EFB0C32F42A1B4DCFCC411"/>
  </head>
  <body onload="document.login.username.focus();">
    <div id="mainPanel">
      <div id="topPanel">
        <a shape="rect" href="/parabank/admin.htm;jsessionid=084920E050EFB0C32F42A1B4DCFCC411">
          <img class="admin" src="/parabank/images/clear.gif;jsessionid=084920E050EFB0C32F42A1B4DCFCC411" width="56" height="42" border="0"/>
        </a>
        <a shape="rect" href="/parabank/index.htm;jsessionid=084920E050EFB0C32F42A1B4DCFCC411">
          <img class="logo" src="/parabank/images/logo.gif;jsessionid=084920E050EFB0C32F42A1B4DCFCC411" alt="ParaBank" width="136" height="31" border="0" title="ParaBank"/>
        </a>
        <p class="caption">Experience the difference</p>
      </div>
      <div id="headerPanel" style="background: url(/parabank/images/header-main.jpg;jsessionid=084920E050EFB0C32F42A1B4DCFCC411) 0 0 no-repeat;">
        <ul class="leftmenu">
          <li class="Solutions">Solutions</li>
          <li>
            <a shape="rect" href="about.htm;jsessionid=084920E050EFB0C32F42A1B4DCFCC411">About Us</a>
          </li>
          <li>
            <a shape="rect" href="services.htm;jsessionid=084920E050EFB0C32F42A1B4DCFCC411">Services</a>
          </li>
          <li>
            <a shape="rect" href="http://www.parasoft.com/jsp/products.jsp">Products</a>
          </li>
          <li>
            <a shape="rect" href="http://www.parasoft.com/jsp/pr/contacts.jsp">Locations</a>
          </li>
          <li>
            <a shape="rect" href="admin.htm;jsessionid=084920E050EFB0C32F42A1B4DCFCC411">Admin Page</a>
          </li>
        </ul>
        <ul class="button">
          <li class="home">
            <a shape="rect" href="/parabank/index.htm;jsessionid=084920E050EFB0C32F42A1B4DCFCC411">home</a>
          </li>
          <li class="aboutus">
            <a shape="rect" href="about.htm;jsessionid=084920E050EFB0C32F42A1B4DCFCC411">about</a>
          </li>
          <li class="contact">
            <a shape="rect" href="contact.htm;jsessionid=084920E050EFB0C32F42A1B4DCFCC411">contact</a>
          </li>
        </ul>
      </div>
      <div id="bodyPanel">
        <div id="leftPanel">
          <h2>Customer Login</h2>
          <div id="loginPanel">
            <form enctype="application/x-www-form-urlencoded" method="POST" name="login" action="/parabank/login.htm;jsessionid=084920E050EFB0C32F42A1B4DCFCC411">
              <p>
                <b>Username</b>
              </p>
              <div class="login">
                <input type="text" class="input" name="username"/>
              </div>
              <p>
                <b>Password</b>
              </p>
              <div class="login">
                <input type="password" class="input" name="password"/>
              </div>
              <div class="login">
                <input type="submit" class="button" value="Log In"/>
              </div>
            </form>
            <p>
              <a shape="rect" href="lookup.htm;jsessionid=084920E050EFB0C32F42A1B4DCFCC411">Forgot login info?</a>
            </p>
            <p>
              <a shape="rect" href="register.htm;jsessionid=084920E050EFB0C32F42A1B4DCFCC411">Register</a>
            </p>
          </div>
        </div>
        <div id="rightPanel">
          <h1 class="title">Signing up is easy!</h1>
          <p>If you have an account with us you can sign-up for free instant online access. You will have to provide some personal information.</p>
          <form enctype="application/x-www-form-urlencoded" method="post" id="customerForm" action="/parabank/register.htm;jsessionid=084920E050EFB0C32F42A1B4DCFCC411">
            <table class="form2">
              <tr>
                <td align="right" colspan="1" rowspan="1" width="30%">
                  <b>First Name:</b>
                </td>
                <td colspan="1" rowspan="1" width="20%">
                  <input type="text" class="input" id="customer.firstName" name="customer.firstName" value=""/>
                </td>
                <td colspan="1" rowspan="1" width="50%"/>
              </tr>
              <tr>
                <td align="right" colspan="1" rowspan="1" width="30%">
                  <b>Last Name:</b>
                </td>
                <td colspan="1" rowspan="1" width="20%">
                  <input type="text" class="input" id="customer.lastName" name="customer.lastName" value=""/>
                </td>
                <td colspan="1" rowspan="1" width="50%"/>
              </tr>
              <tr>
                <td align="right" colspan="1" rowspan="1" width="30%">
                  <b>Address:</b>
                </td>
                <td colspan="1" rowspan="1" width="20%">
                  <input type="text" class="input" id="customer.address.street" name="customer.address.street" value=""/>
                </td>
                <td colspan="1" rowspan="1" width="50%"/>
              </tr>
              <tr>
                <td align="right" colspan="1" rowspan="1" width="30%">
                  <b>City:</b>
                </td>
                <td colspan="1" rowspan="1" width="20%">
                  <input type="text" class="input" id="customer.address.city" name="customer.address.city" value=""/>
                </td>
                <td colspan="1" rowspan="1" width="50%"/>
              </tr>
              <tr>
                <td align="right" colspan="1" rowspan="1" width="30%">
                  <b>State:</b>
                </td>
                <td colspan="1" rowspan="1" width="20%">
                  <input type="text" class="input" id="customer.address.state" name="customer.address.state" value=""/>
                </td>
                <td colspan="1" rowspan="1" width="50%"/>
              </tr>
              <tr>
                <td align="right" colspan="1" rowspan="1" width="30%">
                  <b>Zip Code:</b>
                </td>
                <td colspan="1" rowspan="1" width="20%">
                  <input type="text" class="input" id="customer.address.zipCode" name="customer.address.zipCode" value=""/>
                </td>
                <td colspan="1" rowspan="1" width="50%"/>
              </tr>
              <tr>
                <td align="right" colspan="1" rowspan="1" width="30%">
                  <b>Phone #:</b>
                </td>
                <td colspan="1" rowspan="1" width="20%">
                  <input type="text" class="input" id="customer.phoneNumber" name="customer.phoneNumber" value=""/>
                </td>
                <td colspan="1" rowspan="1" width="50%"/>
              </tr>
              <tr>
                <td align="right" colspan="1" rowspan="1" width="30%">
                  <b>SSN:</b>
                </td>
                <td colspan="1" rowspan="1" width="20%">
                  <input type="text" class="input" id="customer.ssn" name="customer.ssn" value=""/>
                </td>
                <td colspan="1" rowspan="1" width="50%"/>
              </tr>
              <tr>
                <td colspan="1" rowspan="1"> </td>
              </tr>
              <tr>
                <td align="right" colspan="1" rowspan="1" width="30%">
                  <b>Username:</b>
                </td>
                <td colspan="1" rowspan="1" width="20%">
                  <input type="text" class="input" id="customer.username" name="customer.username" value=""/>
                </td>
                <td colspan="1" rowspan="1" width="50%"/>
              </tr>
              <tr>
                <td align="right" colspan="1" rowspan="1" width="30%">
                  <b>Password:</b>
                </td>
                <td colspan="1" rowspan="1" width="20%">
                  <input type="password" class="input" id="customer.password" name="customer.password" value=""/>
                </td>
                <td colspan="1" rowspan="1" width="50%"/>
              </tr>
              <tr>
                <td align="right" colspan="1" rowspan="1" width="30%">
                  <b>Confirm:</b>
                </td>
                <td colspan="1" rowspan="1" width="20%">
                  <input type="password" class="input" id="repeatedPassword" name="repeatedPassword" value=""/>
                </td>
                <td colspan="1" rowspan="1" width="50%"/>
              </tr>
              <tr>
                <td colspan="1" rowspan="1"> </td>
                <td colspan="2" rowspan="1">
                  <input type="submit" class="button" value="Register"/>
                </td>
              </tr>
            </table>
            <br clear="none"/>
          </form>
        </div>
      </div>
    </div>
    <div id="footermainPanel">
      <div id="footerPanel">
        <ul>
          <li>
            <a shape="rect" href="/parabank/index.htm;jsessionid=084920E050EFB0C32F42A1B4DCFCC411">Home</a>
|           </li>
          <li>
            <a shape="rect" href="about.htm;jsessionid=084920E050EFB0C32F42A1B4DCFCC411">About Us</a>
|           </li>
          <li>
            <a shape="rect" href="services.htm;jsessionid=084920E050EFB0C32F42A1B4DCFCC411">Services</a>
|           </li>
          <li>
            <a shape="rect" href="http://www.parasoft.com/jsp/products.jsp">Products</a>
|           </li>
          <li>
            <a shape="rect" href="http://www.parasoft.com/jsp/pr/contacts.jsp">Locations</a>
|           </li>
          <li>
            <a shape="rect" href="http://forums.parasoft.com/">Forum</a>
|           </li>
          <li>
            <a shape="rect" href="/parabank/sitemap.htm;jsessionid=084920E050EFB0C32F42A1B4DCFCC411">Site Map</a>
|           </li>
          <li>
            <a shape="rect" href="contact.htm;jsessionid=084920E050EFB0C32F42A1B4DCFCC411">Contact Us</a>
          </li>
        </ul>
        <p class="copyright">© Parasoft. All rights reserved.</p>
        <ul class="visit">
          <li>Visit us at:</li>
          <li>
            <a shape="rect" href="http://www.parasoft.com/" target="_blank">www.parasoft.com</a>
          </li>
        </ul>
      </div>
    </div>
  </body>
</html>
]]></system-out>
  </testcase>
  <testcase name="getAccountOverview" classname="TestBack.GetPostTest" time="0.885">
    <system-out><![CDATA[<accounts>
  <account>
    <id>14676</id>
    <customerId>13211</customerId>
    <type>CHECKING</type>
    <balance>4400.00</balance>
  </account>
  <account>
    <id>14787</id>
    <customerId>13211</customerId>
    <type>LOAN</type>
    <balance>10000.00</balance>
  </account>
</accounts>
]]></system-out>
  </testcase>
  <testcase name="PostNewAccount" classname="TestBack.GetPostTest" time="0.994">
    <system-out><![CDATA[HTTP/1.1 200 OK
{
    "id": 16785,
    "customerId": 13211,
    "type": "SAVINGS",
    "balance": 0
}
]]></system-out>
  </testcase>
</testsuite>